This file contains any messages produced by compilers while
running configure, to aid debugging if configure makes a mistake.

It was created by CaumeDSE configure 0.88.alpha, which was
generated by GNU Autoconf 2.68.  Invocation command line was

  $ ./configure 

## --------- ##
## Platform. ##
## --------- ##

hostname = localhost
uname -m = x86_64
uname -r = 3.2.1-gentoo-r231dic2011
uname -s = Linux
uname -v = #1 SMP Thu Jan 26 18:16:41 CST 2012

/usr/bin/uname -p = Intel(R) Core(TM) i3 CPU 540 @ 3.07GHz
/bin/uname -X     = unknown

/bin/arch              = unknown
/usr/bin/arch -k       = unknown
/usr/convex/getsysinfo = unknown
/usr/bin/hostinfo      = unknown
/bin/machine           = unknown
/usr/bin/oslevel       = unknown
/bin/universe          = unknown

PATH: /usr/local/sbin
PATH: /usr/local/bin
PATH: /usr/sbin
PATH: /usr/bin
PATH: /sbin
PATH: /bin
PATH: /opt/bin
PATH: /usr/x86_64-pc-linux-gnu/gcc-bin/4.5.3


## ----------- ##
## Core tests. ##
## ----------- ##

configure:2333: checking for a BSD-compatible install
configure:2401: result: /usr/bin/install -c
configure:2412: checking whether build environment is sane
configure:2462: result: yes
configure:2603: checking for a thread-safe mkdir -p
configure:2642: result: /bin/mkdir -p
configure:2655: checking for gawk
configure:2671: found /usr/bin/gawk
configure:2682: result: gawk
configure:2693: checking whether make sets $(MAKE)
configure:2715: result: yes
configure:2858: checking for g++
configure:2874: found /usr/bin/g++
configure:2885: result: g++
configure:2912: checking for C++ compiler version
configure:2921: g++ --version >&5
g++ (Gentoo 4.5.3-r1 p1.0, pie-0.4.5) 4.5.3
Copyright (C) 2010 Free Software Foundation, Inc.
This is free software; see the source for copying conditions.  There is NO
warranty; not even for MERCHANTABILITY or FITNESS FOR A PARTICULAR PURPOSE.

configure:2932: $? = 0
configure:2921: g++ -v >&5
Using built-in specs.
COLLECT_GCC=/usr/x86_64-pc-linux-gnu/gcc-bin/4.5.3/g++
COLLECT_LTO_WRAPPER=/usr/libexec/gcc/x86_64-pc-linux-gnu/4.5.3/lto-wrapper
Target: x86_64-pc-linux-gnu
Configured with: /var/tmp/portage/sys-devel/gcc-4.5.3-r1/work/gcc-4.5.3/configure --prefix=/usr --bindir=/usr/x86_64-pc-linux-gnu/gcc-bin/4.5.3 --includedir=/usr/lib/gcc/x86_64-pc-linux-gnu/4.5.3/include --datadir=/usr/share/gcc-data/x86_64-pc-linux-gnu/4.5.3 --mandir=/usr/share/gcc-data/x86_64-pc-linux-gnu/4.5.3/man --infodir=/usr/share/gcc-data/x86_64-pc-linux-gnu/4.5.3/info --with-gxx-include-dir=/usr/lib/gcc/x86_64-pc-linux-gnu/4.5.3/include/g++-v4 --host=x86_64-pc-linux-gnu --build=x86_64-pc-linux-gnu --disable-altivec --disable-fixed-point --without-ppl --without-cloog --disable-lto --enable-nls --without-included-gettext --with-system-zlib --disable-werror --enable-secureplt --enable-multilib --enable-libmudflap --disable-libssp --enable-libgomp --with-python-dir=/share/gcc-data/x86_64-pc-linux-gnu/4.5.3/python --enable-checking=release --disable-libgcj --enable-languages=c,c++,fortran --enable-shared --enable-threads=posix --enable-__cxa_atexit --enable-clocale=gnu --enable-targets=all --with-bugurl=http://bugs.gentoo.org/ --with-pkgversion='Gentoo 4.5.3-r1 p1.0, pie-0.4.5'
Thread model: posix
gcc version 4.5.3 (Gentoo 4.5.3-r1 p1.0, pie-0.4.5) 
configure:2932: $? = 0
configure:2921: g++ -V >&5
g++: '-V' option must have argument
configure:2932: $? = 1
configure:2921: g++ -qversion >&5
g++: unrecognized option '-qversion'
g++: no input files
configure:2932: $? = 1
configure:2952: checking whether the C++ compiler works
configure:2974: g++    conftest.cpp  >&5
configure:2978: $? = 0
configure:3026: result: yes
configure:3029: checking for C++ compiler default output file name
configure:3031: result: a.out
configure:3037: checking for suffix of executables
configure:3044: g++ -o conftest    conftest.cpp  >&5
configure:3048: $? = 0
configure:3070: result: 
configure:3092: checking whether we are cross compiling
configure:3100: g++ -o conftest    conftest.cpp  >&5
configure:3104: $? = 0
configure:3111: ./conftest
configure:3115: $? = 0
configure:3130: result: no
configure:3135: checking for suffix of object files
configure:3157: g++ -c   conftest.cpp >&5
configure:3161: $? = 0
configure:3182: result: o
configure:3186: checking whether we are using the GNU C++ compiler
configure:3205: g++ -c   conftest.cpp >&5
configure:3205: $? = 0
configure:3214: result: yes
configure:3223: checking whether g++ accepts -g
configure:3243: g++ -c -g  conftest.cpp >&5
configure:3243: $? = 0
configure:3284: result: yes
configure:3318: checking for style of include used by make
configure:3346: result: GNU
configure:3371: checking dependency style of g++
configure:3481: result: gcc3
configure:3500: checking for gawk
configure:3527: result: gawk
configure:3586: checking for gcc
configure:3602: found /usr/bin/gcc
configure:3613: result: gcc
configure:3842: checking for C compiler version
configure:3851: gcc --version >&5
gcc (Gentoo 4.5.3-r1 p1.0, pie-0.4.5) 4.5.3
Copyright (C) 2010 Free Software Foundation, Inc.
This is free software; see the source for copying conditions.  There is NO
warranty; not even for MERCHANTABILITY or FITNESS FOR A PARTICULAR PURPOSE.

configure:3862: $? = 0
configure:3851: gcc -v >&5
Using built-in specs.
COLLECT_GCC=/usr/x86_64-pc-linux-gnu/gcc-bin/4.5.3/gcc
COLLECT_LTO_WRAPPER=/usr/libexec/gcc/x86_64-pc-linux-gnu/4.5.3/lto-wrapper
Target: x86_64-pc-linux-gnu
Configured with: /var/tmp/portage/sys-devel/gcc-4.5.3-r1/work/gcc-4.5.3/configure --prefix=/usr --bindir=/usr/x86_64-pc-linux-gnu/gcc-bin/4.5.3 --includedir=/usr/lib/gcc/x86_64-pc-linux-gnu/4.5.3/include --datadir=/usr/share/gcc-data/x86_64-pc-linux-gnu/4.5.3 --mandir=/usr/share/gcc-data/x86_64-pc-linux-gnu/4.5.3/man --infodir=/usr/share/gcc-data/x86_64-pc-linux-gnu/4.5.3/info --with-gxx-include-dir=/usr/lib/gcc/x86_64-pc-linux-gnu/4.5.3/include/g++-v4 --host=x86_64-pc-linux-gnu --build=x86_64-pc-linux-gnu --disable-altivec --disable-fixed-point --without-ppl --without-cloog --disable-lto --enable-nls --without-included-gettext --with-system-zlib --disable-werror --enable-secureplt --enable-multilib --enable-libmudflap --disable-libssp --enable-libgomp --with-python-dir=/share/gcc-data/x86_64-pc-linux-gnu/4.5.3/python --enable-checking=release --disable-libgcj --enable-languages=c,c++,fortran --enable-shared --enable-threads=posix --enable-__cxa_atexit --enable-clocale=gnu --enable-targets=all --with-bugurl=http://bugs.gentoo.org/ --with-pkgversion='Gentoo 4.5.3-r1 p1.0, pie-0.4.5'
Thread model: posix
gcc version 4.5.3 (Gentoo 4.5.3-r1 p1.0, pie-0.4.5) 
configure:3862: $? = 0
configure:3851: gcc -V >&5
gcc: '-V' option must have argument
configure:3862: $? = 1
configure:3851: gcc -qversion >&5
gcc: unrecognized option '-qversion'
gcc: no input files
configure:3862: $? = 1
configure:3866: checking whether we are using the GNU C compiler
configure:3885: gcc -c   conftest.c >&5
configure:3885: $? = 0
configure:3894: result: yes
configure:3903: checking whether gcc accepts -g
configure:3923: gcc -c -g  conftest.c >&5
configure:3923: $? = 0
configure:3964: result: yes
configure:3981: checking for gcc option to accept ISO C89
configure:4045: gcc  -c -g -O2  conftest.c >&5
configure:4045: $? = 0
configure:4058: result: none needed
configure:4080: checking dependency style of gcc
configure:4190: result: gcc3
configure:4210: checking how to run the C preprocessor
configure:4241: gcc -E  conftest.c
configure:4241: $? = 0
configure:4255: gcc -E  conftest.c
conftest.c:11:28: fatal error: ac_nonexistent.h: No such file or directory
compilation terminated.
configure:4255: $? = 1
configure: failed program was:
| /* confdefs.h */
| #define PACKAGE_NAME "CaumeDSE"
| #define PACKAGE_TARNAME "caumedse"
| #define PACKAGE_VERSION "0.88.alpha"
| #define PACKAGE_STRING "CaumeDSE 0.88.alpha"
| #define PACKAGE_BUGREPORT "omar.herrera@kinakuta.com.mx"
| #define PACKAGE_URL ""
| #define PACKAGE "caumedse"
| #define VERSION "0.88.alpha"
| /* end confdefs.h.  */
| #include <ac_nonexistent.h>
configure:4280: result: gcc -E
configure:4300: gcc -E  conftest.c
configure:4300: $? = 0
configure:4314: gcc -E  conftest.c
conftest.c:11:28: fatal error: ac_nonexistent.h: No such file or directory
compilation terminated.
configure:4314: $? = 1
configure: failed program was:
| /* confdefs.h */
| #define PACKAGE_NAME "CaumeDSE"
| #define PACKAGE_TARNAME "caumedse"
| #define PACKAGE_VERSION "0.88.alpha"
| #define PACKAGE_STRING "CaumeDSE 0.88.alpha"
| #define PACKAGE_BUGREPORT "omar.herrera@kinakuta.com.mx"
| #define PACKAGE_URL ""
| #define PACKAGE "caumedse"
| #define VERSION "0.88.alpha"
| /* end confdefs.h.  */
| #include <ac_nonexistent.h>
configure:4343: checking whether ln -s works
configure:4347: result: yes
configure:4354: checking whether make sets $(MAKE)
configure:4376: result: yes
configure:4428: checking for ranlib
configure:4444: found /usr/bin/ranlib
configure:4455: result: ranlib
configure:4478: checking whether gcc and cc understand -c and -o together
configure:4509: gcc -c conftest.c -o conftest2.o >&5
configure:4513: $? = 0
configure:4519: gcc -c conftest.c -o conftest2.o >&5
configure:4523: $? = 0
configure:4534: cc -c conftest.c >&5
configure:4538: $? = 0
configure:4546: cc -c conftest.c -o conftest2.o >&5
configure:4550: $? = 0
configure:4556: cc -c conftest.c -o conftest2.o >&5
configure:4560: $? = 0
configure:4578: result: yes
configure:4607: checking for perl
configure:4623: found /usr/bin/perl
configure:4634: result: perl
configure:4644: checking for perl version >= 5.10.0
configure:4651: result: ok
configure:4660:  ----- Looking for required libraries -----
configure:4664: checking for main in -lc
configure:4683: gcc -o conftest -g -O2   conftest.c -lc   >&5
configure:4683: $? = 0
configure:4692: result: yes
configure:4706: checking for main in -lcrypt
configure:4725: gcc -o conftest -g -O2   conftest.c -lcrypt  -lc  >&5
configure:4725: $? = 0
configure:4734: result: yes
configure:4748: checking for main in -lcrypto
configure:4767: gcc -o conftest -g -O2   conftest.c -lcrypto  -lcrypt -lc  >&5
configure:4767: $? = 0
configure:4776: result: yes
configure:4790: checking for main in -ldl
configure:4809: gcc -o conftest -g -O2   conftest.c -ldl  -lcrypto -lcrypt -lc  >&5
configure:4809: $? = 0
configure:4818: result: yes
configure:4832: checking for main in -lm
configure:4851: gcc -o conftest -g -O2   conftest.c -lm  -ldl -lcrypto -lcrypt -lc  >&5
configure:4851: $? = 0
configure:4860: result: yes
configure:4874: checking for main in -lmicrohttpd
configure:4893: gcc -o conftest -g -O2   conftest.c -lmicrohttpd  -lm -ldl -lcrypto -lcrypt -lc  >&5
configure:4893: $? = 0
configure:4902: result: yes
configure:4916: checking for main in -lnsl
configure:4935: gcc -o conftest -g -O2   conftest.c -lnsl  -lmicrohttpd -lm -ldl -lcrypto -lcrypt -lc  >&5
configure:4935: $? = 0
configure:4944: result: yes
configure:4958: checking for main in -lperl
configure:4977: gcc -o conftest -g -O2   conftest.c -lperl  -lnsl -lmicrohttpd -lm -ldl -lcrypto -lcrypt -lc  >&5
configure:4977: $? = 0
configure:4986: result: yes
configure:5000: checking for main in -lpthread
configure:5019: gcc -o conftest -g -O2   conftest.c -lpthread  -lperl -lnsl -lmicrohttpd -lm -ldl -lcrypto -lcrypt -lc  >&5
configure:5019: $? = 0
configure:5028: result: yes
configure:5042: checking for main in -lutil
configure:5061: gcc -o conftest -g -O2   conftest.c -lutil  -lpthread -lperl -lnsl -lmicrohttpd -lm -ldl -lcrypto -lcrypt -lc  >&5
configure:5061: $? = 0
configure:5070: result: yes
configure:5085:  ----- Looking for required C include files -----
configure:5088: checking for grep that handles long lines and -e
configure:5146: result: /bin/grep
configure:5151: checking for egrep
configure:5213: result: /bin/grep -E
configure:5218: checking for ANSI C header files
configure:5238: gcc -c -g -O2  conftest.c >&5
configure:5238: $? = 0
configure:5311: gcc -o conftest -g -O2   conftest.c -lutil -lpthread -lperl -lnsl -lmicrohttpd -lm -ldl -lcrypto -lcrypt -lc  >&5
configure:5311: $? = 0
configure:5311: ./conftest
configure:5311: $? = 0
configure:5322: result: yes
configure:5335: checking for sys/types.h
configure:5335: gcc -c -g -O2  conftest.c >&5
configure:5335: $? = 0
configure:5335: result: yes
configure:5335: checking for sys/stat.h
configure:5335: gcc -c -g -O2  conftest.c >&5
configure:5335: $? = 0
configure:5335: result: yes
configure:5335: checking for stdlib.h
configure:5335: gcc -c -g -O2  conftest.c >&5
configure:5335: $? = 0
configure:5335: result: yes
configure:5335: checking for string.h
configure:5335: gcc -c -g -O2  conftest.c >&5
configure:5335: $? = 0
configure:5335: result: yes
configure:5335: checking for memory.h
configure:5335: gcc -c -g -O2  conftest.c >&5
configure:5335: $? = 0
configure:5335: result: yes
configure:5335: checking for strings.h
configure:5335: gcc -c -g -O2  conftest.c >&5
configure:5335: $? = 0
configure:5335: result: yes
configure:5335: checking for inttypes.h
configure:5335: gcc -c -g -O2  conftest.c >&5
configure:5335: $? = 0
configure:5335: result: yes
configure:5335: checking for stdint.h
configure:5335: gcc -c -g -O2  conftest.c >&5
configure:5335: $? = 0
configure:5335: result: yes
configure:5335: checking for unistd.h
configure:5335: gcc -c -g -O2  conftest.c >&5
configure:5335: $? = 0
configure:5335: result: yes
configure:5349: checking fcntl.h usability
configure:5349: gcc -c -g -O2  conftest.c >&5
configure:5349: $? = 0
configure:5349: result: yes
configure:5349: checking fcntl.h presence
configure:5349: gcc -E  conftest.c
configure:5349: $? = 0
configure:5349: result: yes
configure:5349: checking for fcntl.h
configure:5349: result: yes
configure:5363: checking locale.h usability
configure:5363: gcc -c -g -O2  conftest.c >&5
configure:5363: $? = 0
configure:5363: result: yes
configure:5363: checking locale.h presence
configure:5363: gcc -E  conftest.c
configure:5363: $? = 0
configure:5363: result: yes
configure:5363: checking for locale.h
configure:5363: result: yes
configure:5377: checking for stdint.h
configure:5377: result: yes
configure:5391: checking for stdlib.h
configure:5391: result: yes
configure:5405: checking for string.h
configure:5405: result: yes
configure:5419: checking sys/socket.h usability
configure:5419: gcc -c -g -O2  conftest.c >&5
configure:5419: $? = 0
configure:5419: result: yes
configure:5419: checking sys/socket.h presence
configure:5419: gcc -E  conftest.c
configure:5419: $? = 0
configure:5419: result: yes
configure:5419: checking for sys/socket.h
configure:5419: result: yes
configure:5433: checking sys/time.h usability
configure:5433: gcc -c -g -O2  conftest.c >&5
configure:5433: $? = 0
configure:5433: result: yes
configure:5433: checking sys/time.h presence
configure:5433: gcc -E  conftest.c
configure:5433: $? = 0
configure:5433: result: yes
configure:5433: checking for sys/time.h
configure:5433: result: yes
configure:5447: checking for unistd.h
configure:5447: result: yes
configure:5461: checking ctype.h usability
configure:5461: gcc -c -g -O2  conftest.c >&5
configure:5461: $? = 0
configure:5461: result: yes
configure:5461: checking ctype.h presence
configure:5461: gcc -E  conftest.c
configure:5461: $? = 0
configure:5461: result: yes
configure:5461: checking for ctype.h
configure:5461: result: yes
configure:5475: checking stdarg.h usability
configure:5475: gcc -c -g -O2  conftest.c >&5
configure:5475: $? = 0
configure:5475: result: yes
configure:5475: checking stdarg.h presence
configure:5475: gcc -E  conftest.c
configure:5475: $? = 0
configure:5475: result: yes
configure:5475: checking for stdarg.h
configure:5475: result: yes
configure:5489: checking stdio.h usability
configure:5489: gcc -c -g -O2  conftest.c >&5
configure:5489: $? = 0
configure:5489: result: yes
configure:5489: checking stdio.h presence
configure:5489: gcc -E  conftest.c
configure:5489: $? = 0
configure:5489: result: yes
configure:5489: checking for stdio.h
configure:5489: result: yes
configure:5503: checking for sys/types.h
configure:5503: result: yes
configure:5517: checking for sys/stat.h
configure:5517: result: yes
configure:5531: checking sys/select.h usability
configure:5531: gcc -c -g -O2  conftest.c >&5
configure:5531: $? = 0
configure:5531: result: yes
configure:5531: checking sys/select.h presence
configure:5531: gcc -E  conftest.c
configure:5531: $? = 0
configure:5531: result: yes
configure:5531: checking for sys/select.h
configure:5531: result: yes
configure:5545:  ----- Looking for required Libmicrohttpd include files -----
configure:5549: checking microhttpd.h usability
configure:5549: gcc -c -g -O2  conftest.c >&5
configure:5549: $? = 0
configure:5549: result: yes
configure:5549: checking microhttpd.h presence
configure:5549: gcc -E  conftest.c
configure:5549: $? = 0
configure:5549: result: yes
configure:5549: checking for microhttpd.h
configure:5549: result: yes
configure:5563:  ----- Looking for required OpenSSL include files -----
configure:5567: checking openssl/bio.h usability
configure:5567: gcc -c -g -O2  conftest.c >&5
configure:5567: $? = 0
configure:5567: result: yes
configure:5567: checking openssl/bio.h presence
configure:5567: gcc -E  conftest.c
configure:5567: $? = 0
configure:5567: result: yes
configure:5567: checking for openssl/bio.h
configure:5567: result: yes
configure:5581: checking openssl/err.h usability
configure:5581: gcc -c -g -O2  conftest.c >&5
configure:5581: $? = 0
configure:5581: result: yes
configure:5581: checking openssl/err.h presence
configure:5581: gcc -E  conftest.c
configure:5581: $? = 0
configure:5581: result: yes
configure:5581: checking for openssl/err.h
configure:5581: result: yes
configure:5595: checking openssl/rand.h usability
configure:5595: gcc -c -g -O2  conftest.c >&5
configure:5595: $? = 0
configure:5595: result: yes
configure:5595: checking openssl/rand.h presence
configure:5595: gcc -E  conftest.c
configure:5595: $? = 0
configure:5595: result: yes
configure:5595: checking for openssl/rand.h
configure:5595: result: yes
configure:5609: checking openssl/bn.h usability
configure:5609: gcc -c -g -O2  conftest.c >&5
configure:5609: $? = 0
configure:5609: result: yes
configure:5609: checking openssl/bn.h presence
configure:5609: gcc -E  conftest.c
configure:5609: $? = 0
configure:5609: result: yes
configure:5609: checking for openssl/bn.h
configure:5609: result: yes
configure:5623: checking openssl/hmac.h usability
configure:5623: gcc -c -g -O2  conftest.c >&5
configure:5623: $? = 0
configure:5623: result: yes
configure:5623: checking openssl/hmac.h presence
configure:5623: gcc -E  conftest.c
configure:5623: $? = 0
configure:5623: result: yes
configure:5623: checking for openssl/hmac.h
configure:5623: result: yes
configure:5637: checking openssl/evp.h usability
configure:5637: gcc -c -g -O2  conftest.c >&5
configure:5637: $? = 0
configure:5637: result: yes
configure:5637: checking openssl/evp.h presence
configure:5637: gcc -E  conftest.c
configure:5637: $? = 0
configure:5637: result: yes
configure:5637: checking for openssl/evp.h
configure:5637: result: yes
configure:5651: checking openssl/buffer.h usability
configure:5651: gcc -c -g -O2  conftest.c >&5
configure:5651: $? = 0
configure:5651: result: yes
configure:5651: checking openssl/buffer.h presence
configure:5651: gcc -E  conftest.c
configure:5651: $? = 0
configure:5651: result: yes
configure:5651: checking for openssl/buffer.h
configure:5651: result: yes
configure:5665:  ----- Looking for required GnuTLS include files -----
configure:5669: checking gnutls/gnutls.h usability
configure:5669: gcc -c -g -O2  conftest.c >&5
configure:5669: $? = 0
configure:5669: result: yes
configure:5669: checking gnutls/gnutls.h presence
configure:5669: gcc -E  conftest.c
configure:5669: $? = 0
configure:5669: result: yes
configure:5669: checking for gnutls/gnutls.h
configure:5669: result: yes
configure:5683: checking gnutls/x509.h usability
configure:5683: gcc -c -g -O2  conftest.c >&5
configure:5683: $? = 0
configure:5683: result: yes
configure:5683: checking gnutls/x509.h presence
configure:5683: gcc -E  conftest.c
configure:5683: $? = 0
configure:5683: result: yes
configure:5683: checking for gnutls/x509.h
configure:5683: result: yes
configure:5697:  ----- Looking for required PERL interpreter include files -----
configure:5704: checking EXTERN.h usability
configure:5704: gcc -c -g -O2   -I/usr/lib64/perl5/5.12.4/x86_64-linux/CORE  conftest.c >&5
configure:5704: $? = 0
configure:5704: result: yes
configure:5704: checking EXTERN.h presence
configure:5704: gcc -E   -I/usr/lib64/perl5/5.12.4/x86_64-linux/CORE  conftest.c
configure:5704: $? = 0
configure:5704: result: yes
configure:5704: checking for EXTERN.h
configure:5704: result: yes
configure:5718: checking for perl.h
configure:5718: gcc -c -g -O2   -I/usr/lib64/perl5/5.12.4/x86_64-linux/CORE  conftest.c >&5
configure:5718: $? = 0
configure:5718: result: yes
configure:5735: checking XSUB.h usability
configure:5735: gcc -c -g -O2   -I/usr/lib64/perl5/5.12.4/x86_64-linux/CORE  conftest.c >&5
configure:5735: $? = 0
configure:5735: result: yes
configure:5735: checking XSUB.h presence
configure:5735: gcc -E   -I/usr/lib64/perl5/5.12.4/x86_64-linux/CORE  conftest.c
configure:5735: $? = 0
configure:5735: result: yes
configure:5735: checking for XSUB.h
configure:5735: result: yes
configure:5750: checking for size_t
configure:5750: gcc -c -g -O2  conftest.c >&5
configure:5750: $? = 0
configure:5750: gcc -c -g -O2  conftest.c >&5
conftest.c: In function 'main':
conftest.c:94:21: error: expected expression before ')' token
configure:5750: $? = 1
configure: failed program was:
| /* confdefs.h */
| #define PACKAGE_NAME "CaumeDSE"
| #define PACKAGE_TARNAME "caumedse"
| #define PACKAGE_VERSION "0.88.alpha"
| #define PACKAGE_STRING "CaumeDSE 0.88.alpha"
| #define PACKAGE_BUGREPORT "omar.herrera@kinakuta.com.mx"
| #define PACKAGE_URL ""
| #define PACKAGE "caumedse"
| #define VERSION "0.88.alpha"
| #define HAVE_LIBC 1
| #define HAVE_LIBCRYPT 1
| #define HAVE_LIBCRYPTO 1
| #define HAVE_LIBDL 1
| #define HAVE_LIBM 1
| #define HAVE_LIBMICROHTTPD 1
| #define HAVE_LIBNSL 1
| #define HAVE_LIBPERL 1
| #define HAVE_LIBPTHREAD 1
| #define HAVE_LIBUTIL 1
| #define STDC_HEADERS 1
| #define HAVE_SYS_TYPES_H 1
| #define HAVE_SYS_STAT_H 1
| #define HAVE_STDLIB_H 1
| #define HAVE_STRING_H 1
| #define HAVE_MEMORY_H 1
| #define HAVE_STRINGS_H 1
| #define HAVE_INTTYPES_H 1
| #define HAVE_STDINT_H 1
| #define HAVE_UNISTD_H 1
| #define HAVE_FCNTL_H 1
| #define HAVE_LOCALE_H 1
| #define HAVE_STDINT_H 1
| #define HAVE_STDLIB_H 1
| #define HAVE_STRING_H 1
| #define HAVE_SYS_SOCKET_H 1
| #define HAVE_SYS_TIME_H 1
| #define HAVE_UNISTD_H 1
| #define HAVE_CTYPE_H 1
| #define HAVE_STDARG_H 1
| #define HAVE_STDIO_H 1
| #define HAVE_SYS_TYPES_H 1
| #define HAVE_SYS_STAT_H 1
| #define HAVE_SYS_SELECT_H 1
| #define HAVE_MICROHTTPD_H 1
| #define HAVE_OPENSSL_BIO_H 1
| #define HAVE_OPENSSL_ERR_H 1
| #define HAVE_OPENSSL_RAND_H 1
| #define HAVE_OPENSSL_BN_H 1
| #define HAVE_OPENSSL_HMAC_H 1
| #define HAVE_OPENSSL_EVP_H 1
| #define HAVE_OPENSSL_BUFFER_H 1
| #define HAVE_GNUTLS_GNUTLS_H 1
| #define HAVE_GNUTLS_X509_H 1
| #define HAVE_EXTERN_H 1
| #define HAVE_PERL_H 1
| #define HAVE_XSUB_H 1
| /* end confdefs.h.  */
| #include <stdio.h>
| #ifdef HAVE_SYS_TYPES_H
| # include <sys/types.h>
| #endif
| #ifdef HAVE_SYS_STAT_H
| # include <sys/stat.h>
| #endif
| #ifdef STDC_HEADERS
| # include <stdlib.h>
| # include <stddef.h>
| #else
| # ifdef HAVE_STDLIB_H
| #  include <stdlib.h>
| # endif
| #endif
| #ifdef HAVE_STRING_H
| # if !defined STDC_HEADERS && defined HAVE_MEMORY_H
| #  include <memory.h>
| # endif
| # include <string.h>
| #endif
| #ifdef HAVE_STRINGS_H
| # include <strings.h>
| #endif
| #ifdef HAVE_INTTYPES_H
| # include <inttypes.h>
| #endif
| #ifdef HAVE_STDINT_H
| # include <stdint.h>
| #endif
| #ifdef HAVE_UNISTD_H
| # include <unistd.h>
| #endif
| int
| main ()
| {
| if (sizeof ((size_t)))
| 	    return 0;
|   ;
|   return 0;
| }
configure:5750: result: yes
configure:5761: checking for ssize_t
configure:5761: gcc -c -g -O2  conftest.c >&5
configure:5761: $? = 0
configure:5761: gcc -c -g -O2  conftest.c >&5
conftest.c: In function 'main':
conftest.c:94:22: error: expected expression before ')' token
configure:5761: $? = 1
configure: failed program was:
| /* confdefs.h */
| #define PACKAGE_NAME "CaumeDSE"
| #define PACKAGE_TARNAME "caumedse"
| #define PACKAGE_VERSION "0.88.alpha"
| #define PACKAGE_STRING "CaumeDSE 0.88.alpha"
| #define PACKAGE_BUGREPORT "omar.herrera@kinakuta.com.mx"
| #define PACKAGE_URL ""
| #define PACKAGE "caumedse"
| #define VERSION "0.88.alpha"
| #define HAVE_LIBC 1
| #define HAVE_LIBCRYPT 1
| #define HAVE_LIBCRYPTO 1
| #define HAVE_LIBDL 1
| #define HAVE_LIBM 1
| #define HAVE_LIBMICROHTTPD 1
| #define HAVE_LIBNSL 1
| #define HAVE_LIBPERL 1
| #define HAVE_LIBPTHREAD 1
| #define HAVE_LIBUTIL 1
| #define STDC_HEADERS 1
| #define HAVE_SYS_TYPES_H 1
| #define HAVE_SYS_STAT_H 1
| #define HAVE_STDLIB_H 1
| #define HAVE_STRING_H 1
| #define HAVE_MEMORY_H 1
| #define HAVE_STRINGS_H 1
| #define HAVE_INTTYPES_H 1
| #define HAVE_STDINT_H 1
| #define HAVE_UNISTD_H 1
| #define HAVE_FCNTL_H 1
| #define HAVE_LOCALE_H 1
| #define HAVE_STDINT_H 1
| #define HAVE_STDLIB_H 1
| #define HAVE_STRING_H 1
| #define HAVE_SYS_SOCKET_H 1
| #define HAVE_SYS_TIME_H 1
| #define HAVE_UNISTD_H 1
| #define HAVE_CTYPE_H 1
| #define HAVE_STDARG_H 1
| #define HAVE_STDIO_H 1
| #define HAVE_SYS_TYPES_H 1
| #define HAVE_SYS_STAT_H 1
| #define HAVE_SYS_SELECT_H 1
| #define HAVE_MICROHTTPD_H 1
| #define HAVE_OPENSSL_BIO_H 1
| #define HAVE_OPENSSL_ERR_H 1
| #define HAVE_OPENSSL_RAND_H 1
| #define HAVE_OPENSSL_BN_H 1
| #define HAVE_OPENSSL_HMAC_H 1
| #define HAVE_OPENSSL_EVP_H 1
| #define HAVE_OPENSSL_BUFFER_H 1
| #define HAVE_GNUTLS_GNUTLS_H 1
| #define HAVE_GNUTLS_X509_H 1
| #define HAVE_EXTERN_H 1
| #define HAVE_PERL_H 1
| #define HAVE_XSUB_H 1
| /* end confdefs.h.  */
| #include <stdio.h>
| #ifdef HAVE_SYS_TYPES_H
| # include <sys/types.h>
| #endif
| #ifdef HAVE_SYS_STAT_H
| # include <sys/stat.h>
| #endif
| #ifdef STDC_HEADERS
| # include <stdlib.h>
| # include <stddef.h>
| #else
| # ifdef HAVE_STDLIB_H
| #  include <stdlib.h>
| # endif
| #endif
| #ifdef HAVE_STRING_H
| # if !defined STDC_HEADERS && defined HAVE_MEMORY_H
| #  include <memory.h>
| # endif
| # include <string.h>
| #endif
| #ifdef HAVE_STRINGS_H
| # include <strings.h>
| #endif
| #ifdef HAVE_INTTYPES_H
| # include <inttypes.h>
| #endif
| #ifdef HAVE_STDINT_H
| # include <stdint.h>
| #endif
| #ifdef HAVE_UNISTD_H
| # include <unistd.h>
| #endif
| int
| main ()
| {
| if (sizeof ((ssize_t)))
| 	    return 0;
|   ;
|   return 0;
| }
configure:5761: result: yes
configure:5772: checking for uint64_t
configure:5772: gcc -c -g -O2  conftest.c >&5
configure:5772: $? = 0
configure:5772: result: yes
configure:5790: checking for stdlib.h
configure:5790: result: yes
configure:5800: checking for GNU libc compatible malloc
configure:5824: gcc -o conftest -g -O2   conftest.c -lutil -lpthread -lperl -lnsl -lmicrohttpd -lm -ldl -lcrypto -lcrypt -lc  >&5
configure:5824: $? = 0
configure:5824: ./conftest
configure:5824: $? = 0
configure:5834: result: yes
configure:5857: checking for stdlib.h
configure:5857: result: yes
configure:5867: checking for GNU libc compatible realloc
configure:5891: gcc -o conftest -g -O2   conftest.c -lutil -lpthread -lperl -lnsl -lmicrohttpd -lm -ldl -lcrypto -lcrypt -lc  >&5
configure:5891: $? = 0
configure:5891: ./conftest
configure:5891: $? = 0
configure:5901: result: yes
configure:5925: checking for memset
configure:5925: gcc -o conftest -g -O2   conftest.c -lutil -lpthread -lperl -lnsl -lmicrohttpd -lm -ldl -lcrypto -lcrypt -lc  >&5
conftest.c:85:6: warning: conflicting types for built-in function 'memset'
configure:5925: $? = 0
configure:5925: result: yes
configure:5925: checking for setlocale
configure:5925: gcc -o conftest -g -O2   conftest.c -lutil -lpthread -lperl -lnsl -lmicrohttpd -lm -ldl -lcrypto -lcrypt -lc  >&5
configure:5925: $? = 0
configure:5925: result: yes
configure:5925: checking for strndup
configure:5925: gcc -o conftest -g -O2   conftest.c -lutil -lpthread -lperl -lnsl -lmicrohttpd -lm -ldl -lcrypto -lcrypt -lc  >&5
conftest.c:87:6: warning: conflicting types for built-in function 'strndup'
configure:5925: $? = 0
configure:5925: result: yes
configure:6128: creating ./config.status

## ---------------------- ##
## Running config.status. ##
## ---------------------- ##

This file was extended by CaumeDSE config.status 0.88.alpha, which was
generated by GNU Autoconf 2.68.  Invocation command line was

  CONFIG_FILES    = 
  CONFIG_HEADERS  = 
  CONFIG_LINKS    = 
  CONFIG_COMMANDS = 
  $ ./config.status 

on localhost

config.status:923: creating Makefile
config.status:923: creating config.h
config.status:1152: executing depfiles commands

## ---------------- ##
## Cache variables. ##
## ---------------- ##

ac_cv_c_compiler_gnu=yes
ac_cv_c_uint64_t=yes
ac_cv_cxx_compiler_gnu=yes
ac_cv_env_CCC_set=
ac_cv_env_CCC_value=
ac_cv_env_CC_set=
ac_cv_env_CC_value=
ac_cv_env_CFLAGS_set=
ac_cv_env_CFLAGS_value=
ac_cv_env_CPPFLAGS_set=
ac_cv_env_CPPFLAGS_value=
ac_cv_env_CPP_set=
ac_cv_env_CPP_value=
ac_cv_env_CXXFLAGS_set=
ac_cv_env_CXXFLAGS_value=
ac_cv_env_CXX_set=
ac_cv_env_CXX_value=
ac_cv_env_LDFLAGS_set=
ac_cv_env_LDFLAGS_value=
ac_cv_env_LIBS_set=
ac_cv_env_LIBS_value=
ac_cv_env_build_alias_set=
ac_cv_env_build_alias_value=
ac_cv_env_host_alias_set=
ac_cv_env_host_alias_value=
ac_cv_env_target_alias_set=
ac_cv_env_target_alias_value=
ac_cv_func_malloc_0_nonnull=yes
ac_cv_func_memset=yes
ac_cv_func_realloc_0_nonnull=yes
ac_cv_func_setlocale=yes
ac_cv_func_strndup=yes
ac_cv_header_EXTERN_h=yes
ac_cv_header_XSUB_h=yes
ac_cv_header_ctype_h=yes
ac_cv_header_fcntl_h=yes
ac_cv_header_gnutls_gnutls_h=yes
ac_cv_header_gnutls_x509_h=yes
ac_cv_header_inttypes_h=yes
ac_cv_header_locale_h=yes
ac_cv_header_memory_h=yes
ac_cv_header_microhttpd_h=yes
ac_cv_header_openssl_bio_h=yes
ac_cv_header_openssl_bn_h=yes
ac_cv_header_openssl_buffer_h=yes
ac_cv_header_openssl_err_h=yes
ac_cv_header_openssl_evp_h=yes
ac_cv_header_openssl_hmac_h=yes
ac_cv_header_openssl_rand_h=yes
ac_cv_header_perl_h=yes
ac_cv_header_stdarg_h=yes
ac_cv_header_stdc=yes
ac_cv_header_stdint_h=yes
ac_cv_header_stdio_h=yes
ac_cv_header_stdlib_h=yes
ac_cv_header_string_h=yes
ac_cv_header_strings_h=yes
ac_cv_header_sys_select_h=yes
ac_cv_header_sys_socket_h=yes
ac_cv_header_sys_stat_h=yes
ac_cv_header_sys_time_h=yes
ac_cv_header_sys_types_h=yes
ac_cv_header_unistd_h=yes
ac_cv_lib_c_main=yes
ac_cv_lib_crypt_main=yes
ac_cv_lib_crypto_main=yes
ac_cv_lib_dl_main=yes
ac_cv_lib_m_main=yes
ac_cv_lib_microhttpd_main=yes
ac_cv_lib_nsl_main=yes
ac_cv_lib_perl_main=yes
ac_cv_lib_pthread_main=yes
ac_cv_lib_util_main=yes
ac_cv_objext=o
ac_cv_path_EGREP='/bin/grep -E'
ac_cv_path_GREP=/bin/grep
ac_cv_path_install='/usr/bin/install -c'
ac_cv_path_mkdir=/bin/mkdir
ac_cv_prog_AWK=gawk
ac_cv_prog_CPP='gcc -E'
ac_cv_prog_PERL=perl
ac_cv_prog_ac_ct_CC=gcc
ac_cv_prog_ac_ct_CXX=g++
ac_cv_prog_ac_ct_RANLIB=ranlib
ac_cv_prog_cc_c89=
ac_cv_prog_cc_g=yes
ac_cv_prog_cc_gcc_c_o=yes
ac_cv_prog_cxx_g=yes
ac_cv_prog_make_make_set=yes
ac_cv_type_size_t=yes
ac_cv_type_ssize_t=yes
am_cv_CC_dependencies_compiler_type=gcc3
am_cv_CXX_dependencies_compiler_type=gcc3

## ----------------- ##
## Output variables. ##
## ----------------- ##

ACLOCAL='${SHELL} /root/Devel/Caume/CaumeDSE/missing --run aclocal-1.11'
ADDITIONAL_CFLAGS='-g -DDEBUG'
AMDEPBACKSLASH='\'
AMDEP_FALSE='#'
AMDEP_TRUE=''
AMTAR='${SHELL} /root/Devel/Caume/CaumeDSE/missing --run tar'
AUTOCONF='${SHELL} /root/Devel/Caume/CaumeDSE/missing --run autoconf'
AUTOHEADER='${SHELL} /root/Devel/Caume/CaumeDSE/missing --run autoheader'
AUTOMAKE='${SHELL} /root/Devel/Caume/CaumeDSE/missing --run automake-1.11'
AWK='gawk'
BINDIR='/opt/cdse/bin'
CC='gcc'
CCDEPMODE='depmode=gcc3'
CFLAGS='-g -O2'
CPP='gcc -E'
CPPFLAGS=''
CXX='g++'
CXXDEPMODE='depmode=gcc3'
CXXFLAGS='-g -O2'
CYGPATH_W='echo'
DATADIR='/opt/cdse'
DEFS='-DHAVE_CONFIG_H'
DEPDIR='.deps'
ECHO_C=''
ECHO_N='-n'
ECHO_T=''
EGREP='/bin/grep -E'
EXEEXT=''
GENERAL_CFLAGS='-DERROR_LOG -DPURIFY -DSQLITE_SECURE_DELETE -Wall -O2  -fno-strict-aliasing -pipe -D_LARGEFILE_SOURCE -D_FILE_OFFSET_BITS=64  -I/usr/lib64/perl5/5.12.4/x86_64-linux/CORE '
GREP='/bin/grep'
INSTALL_DATA='${INSTALL} -m 644'
INSTALL_PROGRAM='${INSTALL}'
INSTALL_SCRIPT='${INSTALL}'
INSTALL_STRIP_PROGRAM='$(install_sh) -c -s'
LDFLAGS=''
LIBOBJS=''
LIBS='-lutil -lpthread -lperl -lnsl -lmicrohttpd -lm -ldl -lcrypto -lcrypt -lc '
LN_S='ln -s'
LTLIBOBJS=''
MAKEINFO='${SHELL} /root/Devel/Caume/CaumeDSE/missing --run makeinfo'
MKDIR_P='/bin/mkdir -p'
OBJEXT='o'
PACKAGE='caumedse'
PACKAGE_BUGREPORT='omar.herrera@kinakuta.com.mx'
PACKAGE_NAME='CaumeDSE'
PACKAGE_STRING='CaumeDSE 0.88.alpha'
PACKAGE_TARNAME='caumedse'
PACKAGE_URL=''
PACKAGE_VERSION='0.88.alpha'
PATH_SEPARATOR=':'
PERL='perl'
PREFIX='/opt'
RANLIB='ranlib'
SECUREDIR='/opt/cdse/secureTmp'
SET_MAKE=''
SHELL='/bin/sh'
STRIP=''
TESTDB=''
TESTFILES='/opt/cdse/testfiles'
VERSION='0.88.alpha'
ac_ct_CC='gcc'
ac_ct_CXX='g++'
am__EXEEXT_FALSE=''
am__EXEEXT_TRUE='#'
am__fastdepCC_FALSE='#'
am__fastdepCC_TRUE=''
am__fastdepCXX_FALSE='#'
am__fastdepCXX_TRUE=''
am__include='include'
am__isrc=''
am__leading_dot='.'
am__quote=''
am__tar='${AMTAR} chof - "$$tardir"'
am__untar='${AMTAR} xf -'
bindir='${exec_prefix}/bin'
build_alias=''
datadir='${datarootdir}'
datarootdir='${prefix}/share'
docdir='${datarootdir}/doc/${PACKAGE_TARNAME}'
dvidir='${docdir}'
exec_prefix='${prefix}'
host_alias=''
htmldir='${docdir}'
includedir='${prefix}/include'
infodir='${datarootdir}/info'
install_sh='${SHELL} /root/Devel/Caume/CaumeDSE/install-sh'
libdir='${exec_prefix}/lib'
libexecdir='${exec_prefix}/libexec'
localedir='${datarootdir}/locale'
localstatedir='${prefix}/var'
mandir='${datarootdir}/man'
mkdir_p='/bin/mkdir -p'
oldincludedir='/usr/include'
pdfdir='${docdir}'
prefix='/usr/local'
program_transform_name='s,x,x,'
psdir='${docdir}'
sbindir='${exec_prefix}/sbin'
sharedstatedir='${prefix}/com'
sysconfdir='${prefix}/etc'
target_alias=''

## ----------- ##
## confdefs.h. ##
## ----------- ##

/* confdefs.h */
#define PACKAGE_NAME "CaumeDSE"
#define PACKAGE_TARNAME "caumedse"
#define PACKAGE_VERSION "0.88.alpha"
#define PACKAGE_STRING "CaumeDSE 0.88.alpha"
#define PACKAGE_BUGREPORT "omar.herrera@kinakuta.com.mx"
#define PACKAGE_URL ""
#define PACKAGE "caumedse"
#define VERSION "0.88.alpha"
#define HAVE_LIBC 1
#define HAVE_LIBCRYPT 1
#define HAVE_LIBCRYPTO 1
#define HAVE_LIBDL 1
#define HAVE_LIBM 1
#define HAVE_LIBMICROHTTPD 1
#define HAVE_LIBNSL 1
#define HAVE_LIBPERL 1
#define HAVE_LIBPTHREAD 1
#define HAVE_LIBUTIL 1
#define STDC_HEADERS 1
#define HAVE_SYS_TYPES_H 1
#define HAVE_SYS_STAT_H 1
#define HAVE_STDLIB_H 1
#define HAVE_STRING_H 1
#define HAVE_MEMORY_H 1
#define HAVE_STRINGS_H 1
#define HAVE_INTTYPES_H 1
#define HAVE_STDINT_H 1
#define HAVE_UNISTD_H 1
#define HAVE_FCNTL_H 1
#define HAVE_LOCALE_H 1
#define HAVE_STDINT_H 1
#define HAVE_STDLIB_H 1
#define HAVE_STRING_H 1
#define HAVE_SYS_SOCKET_H 1
#define HAVE_SYS_TIME_H 1
#define HAVE_UNISTD_H 1
#define HAVE_CTYPE_H 1
#define HAVE_STDARG_H 1
#define HAVE_STDIO_H 1
#define HAVE_SYS_TYPES_H 1
#define HAVE_SYS_STAT_H 1
#define HAVE_SYS_SELECT_H 1
#define HAVE_MICROHTTPD_H 1
#define HAVE_OPENSSL_BIO_H 1
#define HAVE_OPENSSL_ERR_H 1
#define HAVE_OPENSSL_RAND_H 1
#define HAVE_OPENSSL_BN_H 1
#define HAVE_OPENSSL_HMAC_H 1
#define HAVE_OPENSSL_EVP_H 1
#define HAVE_OPENSSL_BUFFER_H 1
#define HAVE_GNUTLS_GNUTLS_H 1
#define HAVE_GNUTLS_X509_H 1
#define HAVE_EXTERN_H 1
#define HAVE_PERL_H 1
#define HAVE_XSUB_H 1
#define HAVE_STDLIB_H 1
#define HAVE_MALLOC 1
#define HAVE_STDLIB_H 1
#define HAVE_REALLOC 1
#define HAVE_MEMSET 1
#define HAVE_SETLOCALE 1
#define HAVE_STRNDUP 1
#define PATH_DATADIR "/opt/cdse"
#define BYPASS_TLS_IN_HTTP 0

configure: exit 0
