This file contains any messages produced by compilers while
running configure, to aid debugging if configure makes a mistake.

It was created by sqlite configure 3.7.10, which was
generated by GNU Autoconf 2.68.  Invocation command line was

  $ ./configure --disable-option-checking --prefix=/usr/local --cache-file=/dev/null --srcdir=.

## --------- ##
## Platform. ##
## --------- ##

hostname = localhost
uname -m = x86_64
uname -r = 3.2.1-gentoo-r231dic2011
uname -s = Linux
uname -v = #1 SMP Thu Jan 26 18:16:41 CST 2012

/usr/bin/uname -p = Intel(R) Core(TM) i3 CPU 540 @ 3.07GHz
/bin/uname -X     = unknown

/bin/arch              = unknown
/usr/bin/arch -k       = unknown
/usr/convex/getsysinfo = unknown
/usr/bin/hostinfo      = unknown
/bin/machine           = unknown
/usr/bin/oslevel       = unknown
/bin/universe          = unknown

PATH: /usr/local/sbin
PATH: /usr/local/bin
PATH: /usr/sbin
PATH: /usr/bin
PATH: /sbin
PATH: /bin
PATH: /opt/bin
PATH: /usr/x86_64-pc-linux-gnu/gcc-bin/4.5.3


## ----------- ##
## Core tests. ##
## ----------- ##

configure:2193: checking for a BSD-compatible install
configure:2261: result: /usr/bin/install -c
configure:2272: checking whether build environment is sane
configure:2322: result: yes
configure:2463: checking for a thread-safe mkdir -p
configure:2502: result: /bin/mkdir -p
configure:2515: checking for gawk
configure:2531: found /usr/bin/gawk
configure:2542: result: gawk
configure:2553: checking whether make sets $(MAKE)
configure:2575: result: yes
configure:2668: checking for style of include used by make
configure:2696: result: GNU
configure:2766: checking for gcc
configure:2782: found /usr/bin/gcc
configure:2793: result: gcc
configure:3022: checking for C compiler version
configure:3031: gcc --version >&5
gcc (Gentoo 4.5.3-r1 p1.0, pie-0.4.5) 4.5.3
Copyright (C) 2010 Free Software Foundation, Inc.
This is free software; see the source for copying conditions.  There is NO
warranty; not even for MERCHANTABILITY or FITNESS FOR A PARTICULAR PURPOSE.

configure:3042: $? = 0
configure:3031: gcc -v >&5
Using built-in specs.
COLLECT_GCC=/usr/x86_64-pc-linux-gnu/gcc-bin/4.5.3/gcc
COLLECT_LTO_WRAPPER=/usr/libexec/gcc/x86_64-pc-linux-gnu/4.5.3/lto-wrapper
Target: x86_64-pc-linux-gnu
Configured with: /var/tmp/portage/sys-devel/gcc-4.5.3-r1/work/gcc-4.5.3/configure --prefix=/usr --bindir=/usr/x86_64-pc-linux-gnu/gcc-bin/4.5.3 --includedir=/usr/lib/gcc/x86_64-pc-linux-gnu/4.5.3/include --datadir=/usr/share/gcc-data/x86_64-pc-linux-gnu/4.5.3 --mandir=/usr/share/gcc-data/x86_64-pc-linux-gnu/4.5.3/man --infodir=/usr/share/gcc-data/x86_64-pc-linux-gnu/4.5.3/info --with-gxx-include-dir=/usr/lib/gcc/x86_64-pc-linux-gnu/4.5.3/include/g++-v4 --host=x86_64-pc-linux-gnu --build=x86_64-pc-linux-gnu --disable-altivec --disable-fixed-point --without-ppl --without-cloog --disable-lto --enable-nls --without-included-gettext --with-system-zlib --disable-werror --enable-secureplt --enable-multilib --enable-libmudflap --disable-libssp --enable-libgomp --with-python-dir=/share/gcc-data/x86_64-pc-linux-gnu/4.5.3/python --enable-checking=release --disable-libgcj --enable-languages=c,c++,fortran --enable-shared --enable-threads=posix --enable-__cxa_atexit --enable-clocale=gnu --enable-targets=all --with-bugurl=http://bugs.gentoo.org/ --with-pkgversion='Gentoo 4.5.3-r1 p1.0, pie-0.4.5'
Thread model: posix
gcc version 4.5.3 (Gentoo 4.5.3-r1 p1.0, pie-0.4.5) 
configure:3042: $? = 0
configure:3031: gcc -V >&5
gcc: '-V' option must have argument
configure:3042: $? = 1
configure:3031: gcc -qversion >&5
gcc: unrecognized option '-qversion'
gcc: no input files
configure:3042: $? = 1
configure:3062: checking whether the C compiler works
configure:3084: gcc    conftest.c  >&5
configure:3088: $? = 0
configure:3136: result: yes
configure:3139: checking for C compiler default output file name
configure:3141: result: a.out
configure:3147: checking for suffix of executables
configure:3154: gcc -o conftest    conftest.c  >&5
configure:3158: $? = 0
configure:3180: result: 
configure:3202: checking whether we are cross compiling
configure:3210: gcc -o conftest    conftest.c  >&5
configure:3214: $? = 0
configure:3221: ./conftest
configure:3225: $? = 0
configure:3240: result: no
configure:3245: checking for suffix of object files
configure:3267: gcc -c   conftest.c >&5
configure:3271: $? = 0
configure:3292: result: o
configure:3296: checking whether we are using the GNU C compiler
configure:3315: gcc -c   conftest.c >&5
configure:3315: $? = 0
configure:3324: result: yes
configure:3333: checking whether gcc accepts -g
configure:3353: gcc -c -g  conftest.c >&5
configure:3353: $? = 0
configure:3394: result: yes
configure:3411: checking for gcc option to accept ISO C89
configure:3475: gcc  -c -g -O2  conftest.c >&5
configure:3475: $? = 0
configure:3488: result: none needed
configure:3510: checking dependency style of gcc
configure:3620: result: gcc3
configure:3643: checking for special C compiler options needed for large files
configure:3688: result: no
configure:3694: checking for _FILE_OFFSET_BITS value needed for large files
configure:3719: gcc -c -g -O2  conftest.c >&5
configure:3719: $? = 0
configure:3751: result: no
configure:3884: checking for gcc
configure:3911: result: gcc
configure:4140: checking for C compiler version
configure:4149: gcc --version >&5
gcc (Gentoo 4.5.3-r1 p1.0, pie-0.4.5) 4.5.3
Copyright (C) 2010 Free Software Foundation, Inc.
This is free software; see the source for copying conditions.  There is NO
warranty; not even for MERCHANTABILITY or FITNESS FOR A PARTICULAR PURPOSE.

configure:4160: $? = 0
configure:4149: gcc -v >&5
Using built-in specs.
COLLECT_GCC=/usr/x86_64-pc-linux-gnu/gcc-bin/4.5.3/gcc
COLLECT_LTO_WRAPPER=/usr/libexec/gcc/x86_64-pc-linux-gnu/4.5.3/lto-wrapper
Target: x86_64-pc-linux-gnu
Configured with: /var/tmp/portage/sys-devel/gcc-4.5.3-r1/work/gcc-4.5.3/configure --prefix=/usr --bindir=/usr/x86_64-pc-linux-gnu/gcc-bin/4.5.3 --includedir=/usr/lib/gcc/x86_64-pc-linux-gnu/4.5.3/include --datadir=/usr/share/gcc-data/x86_64-pc-linux-gnu/4.5.3 --mandir=/usr/share/gcc-data/x86_64-pc-linux-gnu/4.5.3/man --infodir=/usr/share/gcc-data/x86_64-pc-linux-gnu/4.5.3/info --with-gxx-include-dir=/usr/lib/gcc/x86_64-pc-linux-gnu/4.5.3/include/g++-v4 --host=x86_64-pc-linux-gnu --build=x86_64-pc-linux-gnu --disable-altivec --disable-fixed-point --without-ppl --without-cloog --disable-lto --enable-nls --without-included-gettext --with-system-zlib --disable-werror --enable-secureplt --enable-multilib --enable-libmudflap --disable-libssp --enable-libgomp --with-python-dir=/share/gcc-data/x86_64-pc-linux-gnu/4.5.3/python --enable-checking=release --disable-libgcj --enable-languages=c,c++,fortran --enable-shared --enable-threads=posix --enable-__cxa_atexit --enable-clocale=gnu --enable-targets=all --with-bugurl=http://bugs.gentoo.org/ --with-pkgversion='Gentoo 4.5.3-r1 p1.0, pie-0.4.5'
Thread model: posix
gcc version 4.5.3 (Gentoo 4.5.3-r1 p1.0, pie-0.4.5) 
configure:4160: $? = 0
configure:4149: gcc -V >&5
gcc: '-V' option must have argument
configure:4160: $? = 1
configure:4149: gcc -qversion >&5
gcc: unrecognized option '-qversion'
gcc: no input files
configure:4160: $? = 1
configure:4164: checking whether we are using the GNU C compiler
configure:4192: result: yes
configure:4201: checking whether gcc accepts -g
configure:4262: result: yes
configure:4279: checking for gcc option to accept ISO C89
configure:4356: result: none needed
configure:4378: checking dependency style of gcc
configure:4488: result: gcc3
configure:4546: checking for ranlib
configure:4562: found /usr/bin/ranlib
configure:4573: result: ranlib
configure:4624: checking build system type
configure:4638: result: x86_64-unknown-linux-gnu
configure:4658: checking host system type
configure:4671: result: x86_64-unknown-linux-gnu
configure:4712: checking how to print strings
configure:4739: result: printf
configure:4760: checking for a sed that does not truncate output
configure:4824: result: /bin/sed
configure:4842: checking for grep that handles long lines and -e
configure:4900: result: /bin/grep
configure:4905: checking for egrep
configure:4967: result: /bin/grep -E
configure:4972: checking for fgrep
configure:5034: result: /bin/grep -F
configure:5069: checking for ld used by gcc
configure:5136: result: /usr/x86_64-pc-linux-gnu/bin/ld
configure:5143: checking if the linker (/usr/x86_64-pc-linux-gnu/bin/ld) is GNU ld
configure:5158: result: yes
configure:5170: checking for BSD- or MS-compatible name lister (nm)
configure:5219: result: /usr/bin/nm -B
configure:5349: checking the name lister (/usr/bin/nm -B) interface
configure:5356: gcc -c -g -O2  conftest.c >&5
configure:5359: /usr/bin/nm -B "conftest.o"
configure:5362: output
0000000000000000 B some_variable
configure:5369: result: BSD nm
configure:5372: checking whether ln -s works
configure:5376: result: yes
configure:5384: checking the maximum length of command line arguments
configure:5509: result: 1572864
configure:5526: checking whether the shell understands some XSI constructs
configure:5536: result: yes
configure:5540: checking whether the shell understands "+="
configure:5546: result: yes
configure:5581: checking how to convert x86_64-unknown-linux-gnu file names to x86_64-unknown-linux-gnu format
configure:5621: result: func_convert_file_noop
configure:5628: checking how to convert x86_64-unknown-linux-gnu file names to toolchain format
configure:5648: result: func_convert_file_noop
configure:5655: checking for /usr/x86_64-pc-linux-gnu/bin/ld option to reload object files
configure:5662: result: -r
configure:5736: checking for objdump
configure:5752: found /usr/bin/objdump
configure:5763: result: objdump
configure:5795: checking how to recognize dependent libraries
configure:5997: result: pass_all
configure:6082: checking for dlltool
configure:6112: result: no
configure:6142: checking how to associate runtime and link libraries
configure:6169: result: printf %s\n
configure:6229: checking for ar
configure:6245: found /usr/bin/ar
configure:6256: result: ar
configure:6293: checking for archiver @FILE support
configure:6310: gcc -c -g -O2  conftest.c >&5
configure:6310: $? = 0
configure:6313: ar cru libconftest.a @conftest.lst >&5
configure:6316: $? = 0
configure:6321: ar cru libconftest.a @conftest.lst >&5
ar: conftest.o: No such file or directory
configure:6324: $? = 1
configure:6336: result: @
configure:6394: checking for strip
configure:6410: found /usr/bin/strip
configure:6421: result: strip
configure:6493: checking for ranlib
configure:6520: result: ranlib
configure:6622: checking command to parse /usr/bin/nm -B output from gcc object
configure:6741: gcc -c -g -O2  conftest.c >&5
configure:6744: $? = 0
configure:6748: /usr/bin/nm -B conftest.o \| sed -n -e 's/^.*[ ]\([ABCDGIRSTW][ABCDGIRSTW]*\)[ ][ ]*\([_A-Za-z][_A-Za-z0-9]*\)$/\1 \2 \2/p' | sed '/ __gnu_lto/d' \> conftest.nm
configure:6751: $? = 0
configure:6817: gcc -o conftest -g -O2   conftest.c conftstm.o >&5
configure:6820: $? = 0
configure:6858: result: ok
configure:6895: checking for sysroot
configure:6925: result: no
configure:7002: gcc -c -g -O2  conftest.c >&5
configure:7005: $? = 0
configure:7168: checking for mt
configure:7198: result: no
configure:7218: checking if : is a manifest tool
configure:7224: : '-?'
configure:7232: result: no
configure:7864: checking how to run the C preprocessor
configure:7895: gcc -E  conftest.c
configure:7895: $? = 0
configure:7909: gcc -E  conftest.c
conftest.c:11:28: fatal error: ac_nonexistent.h: No such file or directory
compilation terminated.
configure:7909: $? = 1
configure: failed program was:
| /* confdefs.h */
| #define PACKAGE_NAME "sqlite"
| #define PACKAGE_TARNAME "sqlite"
| #define PACKAGE_VERSION "3.7.10"
| #define PACKAGE_STRING "sqlite 3.7.10"
| #define PACKAGE_BUGREPORT "http://www.sqlite.org"
| #define PACKAGE_URL ""
| #define PACKAGE "sqlite"
| #define VERSION "3.7.10"
| /* end confdefs.h.  */
| #include <ac_nonexistent.h>
configure:7934: result: gcc -E
configure:7954: gcc -E  conftest.c
configure:7954: $? = 0
configure:7968: gcc -E  conftest.c
conftest.c:11:28: fatal error: ac_nonexistent.h: No such file or directory
compilation terminated.
configure:7968: $? = 1
configure: failed program was:
| /* confdefs.h */
| #define PACKAGE_NAME "sqlite"
| #define PACKAGE_TARNAME "sqlite"
| #define PACKAGE_VERSION "3.7.10"
| #define PACKAGE_STRING "sqlite 3.7.10"
| #define PACKAGE_BUGREPORT "http://www.sqlite.org"
| #define PACKAGE_URL ""
| #define PACKAGE "sqlite"
| #define VERSION "3.7.10"
| /* end confdefs.h.  */
| #include <ac_nonexistent.h>
configure:7997: checking for ANSI C header files
configure:8017: gcc -c -g -O2  conftest.c >&5
configure:8017: $? = 0
configure:8090: gcc -o conftest -g -O2   conftest.c  >&5
configure:8090: $? = 0
configure:8090: ./conftest
configure:8090: $? = 0
configure:8101: result: yes
configure:8114: checking for sys/types.h
configure:8114: gcc -c -g -O2  conftest.c >&5
configure:8114: $? = 0
configure:8114: result: yes
configure:8114: checking for sys/stat.h
configure:8114: gcc -c -g -O2  conftest.c >&5
configure:8114: $? = 0
configure:8114: result: yes
configure:8114: checking for stdlib.h
configure:8114: gcc -c -g -O2  conftest.c >&5
configure:8114: $? = 0
configure:8114: result: yes
configure:8114: checking for string.h
configure:8114: gcc -c -g -O2  conftest.c >&5
configure:8114: $? = 0
configure:8114: result: yes
configure:8114: checking for memory.h
configure:8114: gcc -c -g -O2  conftest.c >&5
configure:8114: $? = 0
configure:8114: result: yes
configure:8114: checking for strings.h
configure:8114: gcc -c -g -O2  conftest.c >&5
configure:8114: $? = 0
configure:8114: result: yes
configure:8114: checking for inttypes.h
configure:8114: gcc -c -g -O2  conftest.c >&5
configure:8114: $? = 0
configure:8114: result: yes
configure:8114: checking for stdint.h
configure:8114: gcc -c -g -O2  conftest.c >&5
configure:8114: $? = 0
configure:8114: result: yes
configure:8114: checking for unistd.h
configure:8114: gcc -c -g -O2  conftest.c >&5
configure:8114: $? = 0
configure:8114: result: yes
configure:8128: checking for dlfcn.h
configure:8128: gcc -c -g -O2  conftest.c >&5
configure:8128: $? = 0
configure:8128: result: yes
configure:8315: checking for objdir
configure:8330: result: .libs
configure:8597: checking if gcc supports -fno-rtti -fno-exceptions
configure:8615: gcc -c -g -O2  -fno-rtti -fno-exceptions conftest.c >&5
cc1: warning: command line option "-fno-rtti" is valid for C++/ObjC++ but not for C
configure:8619: $? = 0
configure:8632: result: no
configure:8942: checking for gcc option to produce PIC
configure:8949: result: -fPIC -DPIC
configure:8957: checking if gcc PIC flag -fPIC -DPIC works
configure:8975: gcc -c -g -O2  -fPIC -DPIC -DPIC conftest.c >&5
configure:8979: $? = 0
configure:8992: result: yes
configure:9021: checking if gcc static flag -static works
configure:9049: result: yes
configure:9064: checking if gcc supports -c -o file.o
configure:9085: gcc -c -g -O2  -o out/conftest2.o conftest.c >&5
configure:9089: $? = 0
configure:9111: result: yes
configure:9119: checking if gcc supports -c -o file.o
configure:9166: result: yes
configure:9199: checking whether the gcc linker (/usr/x86_64-pc-linux-gnu/bin/ld -m elf_x86_64) supports shared libraries
configure:10357: result: yes
configure:10394: checking whether -lc should be explicitly linked in
configure:10402: gcc -c -g -O2  conftest.c >&5
configure:10405: $? = 0
configure:10420: gcc -shared  -fPIC -DPIC conftest.o  -v -Wl,-soname -Wl,conftest -o conftest 2\>\&1 \| /bin/grep  -lc  \>/dev/null 2\>\&1
configure:10423: $? = 0
configure:10437: result: no
configure:10602: checking dynamic linker characteristics
configure:11129: gcc -o conftest -g -O2   -Wl,-rpath -Wl,/foo conftest.c  >&5
configure:11129: $? = 0
configure:11351: result: GNU/Linux ld.so
configure:11458: checking how to hardcode library paths into programs
configure:11483: result: immediate
configure:12023: checking whether stripping libraries is possible
configure:12028: result: yes
configure:12063: checking if libtool supports shared libraries
configure:12065: result: yes
configure:12068: checking whether to build shared libraries
configure:12089: result: yes
configure:12092: checking whether to build static libraries
configure:12096: result: yes
configure:12137: checking for fdatasync
configure:12137: gcc -o conftest -g -O2   conftest.c  >&5
configure:12137: $? = 0
configure:12137: result: yes
configure:12137: checking for usleep
configure:12137: gcc -o conftest -g -O2   conftest.c  >&5
configure:12137: $? = 0
configure:12137: result: yes
configure:12137: checking for fullfsync
configure:12137: gcc -o conftest -g -O2   conftest.c  >&5
/tmp/cc6K9UhM.o: In function `main':
/root/Devel/Caume/CaumeDSE-autoconf/sqlite-3.7.10/conftest.c:59: undefined reference to `fullfsync'
collect2: ld returned 1 exit status
configure:12137: $? = 1
configure: failed program was:
| /* confdefs.h */
| #define PACKAGE_NAME "sqlite"
| #define PACKAGE_TARNAME "sqlite"
| #define PACKAGE_VERSION "3.7.10"
| #define PACKAGE_STRING "sqlite 3.7.10"
| #define PACKAGE_BUGREPORT "http://www.sqlite.org"
| #define PACKAGE_URL ""
| #define PACKAGE "sqlite"
| #define VERSION "3.7.10"
| #define STDC_HEADERS 1
| #define HAVE_SYS_TYPES_H 1
| #define HAVE_SYS_STAT_H 1
| #define HAVE_STDLIB_H 1
| #define HAVE_STRING_H 1
| #define HAVE_MEMORY_H 1
| #define HAVE_STRINGS_H 1
| #define HAVE_INTTYPES_H 1
| #define HAVE_STDINT_H 1
| #define HAVE_UNISTD_H 1
| #define HAVE_DLFCN_H 1
| #define LT_OBJDIR ".libs/"
| #define HAVE_FDATASYNC 1
| #define HAVE_USLEEP 1
| /* end confdefs.h.  */
| /* Define fullfsync to an innocuous variant, in case <limits.h> declares fullfsync.
|    For example, HP-UX 11i <limits.h> declares gettimeofday.  */
| #define fullfsync innocuous_fullfsync
| 
| /* System header to define __stub macros and hopefully few prototypes,
|     which can conflict with char fullfsync (); below.
|     Prefer <limits.h> to <assert.h> if __STDC__ is defined, since
|     <limits.h> exists even on freestanding compilers.  */
| 
| #ifdef __STDC__
| # include <limits.h>
| #else
| # include <assert.h>
| #endif
| 
| #undef fullfsync
| 
| /* Override any GCC internal prototype to avoid an error.
|    Use char because int might match the return type of a GCC
|    builtin and then its argument prototype would still apply.  */
| #ifdef __cplusplus
| extern "C"
| #endif
| char fullfsync ();
| /* The GNU C library defines this for functions which it implements
|     to always fail with ENOSYS.  Some functions are actually named
|     something starting with __ and the normal name is an alias.  */
| #if defined __stub_fullfsync || defined __stub___fullfsync
| choke me
| #endif
| 
| int
| main ()
| {
| return fullfsync ();
|   ;
|   return 0;
| }
configure:12137: result: no
configure:12137: checking for localtime_r
configure:12137: gcc -o conftest -g -O2   conftest.c  >&5
configure:12137: $? = 0
configure:12137: result: yes
configure:12137: checking for gmtime_r
configure:12137: gcc -o conftest -g -O2   conftest.c  >&5
configure:12137: $? = 0
configure:12137: result: yes
configure:12146: checking whether strerror_r is declared
configure:12146: gcc -c -g -O2  conftest.c >&5
configure:12146: $? = 0
configure:12146: result: yes
configure:12159: checking for strerror_r
configure:12159: gcc -o conftest -g -O2   conftest.c  >&5
configure:12159: $? = 0
configure:12159: result: yes
configure:12168: checking whether strerror_r returns char *
configure:12192: gcc -c -g -O2  conftest.c >&5
conftest.c: In function 'main':
conftest.c:67:13: error: invalid type argument of unary '*' (have 'int')
conftest.c:68:14: warning: initialization makes pointer from integer without a cast
configure:12192: $? = 1
configure: failed program was:
| /* confdefs.h */
| #define PACKAGE_NAME "sqlite"
| #define PACKAGE_TARNAME "sqlite"
| #define PACKAGE_VERSION "3.7.10"
| #define PACKAGE_STRING "sqlite 3.7.10"
| #define PACKAGE_BUGREPORT "http://www.sqlite.org"
| #define PACKAGE_URL ""
| #define PACKAGE "sqlite"
| #define VERSION "3.7.10"
| #define STDC_HEADERS 1
| #define HAVE_SYS_TYPES_H 1
| #define HAVE_SYS_STAT_H 1
| #define HAVE_STDLIB_H 1
| #define HAVE_STRING_H 1
| #define HAVE_MEMORY_H 1
| #define HAVE_STRINGS_H 1
| #define HAVE_INTTYPES_H 1
| #define HAVE_STDINT_H 1
| #define HAVE_UNISTD_H 1
| #define HAVE_DLFCN_H 1
| #define LT_OBJDIR ".libs/"
| #define HAVE_FDATASYNC 1
| #define HAVE_USLEEP 1
| #define HAVE_LOCALTIME_R 1
| #define HAVE_GMTIME_R 1
| #define HAVE_DECL_STRERROR_R 1
| #define HAVE_STRERROR_R 1
| /* end confdefs.h.  */
| #include <stdio.h>
| #ifdef HAVE_SYS_TYPES_H
| # include <sys/types.h>
| #endif
| #ifdef HAVE_SYS_STAT_H
| # include <sys/stat.h>
| #endif
| #ifdef STDC_HEADERS
| # include <stdlib.h>
| # include <stddef.h>
| #else
| # ifdef HAVE_STDLIB_H
| #  include <stdlib.h>
| # endif
| #endif
| #ifdef HAVE_STRING_H
| # if !defined STDC_HEADERS && defined HAVE_MEMORY_H
| #  include <memory.h>
| # endif
| # include <string.h>
| #endif
| #ifdef HAVE_STRINGS_H
| # include <strings.h>
| #endif
| #ifdef HAVE_INTTYPES_H
| # include <inttypes.h>
| #endif
| #ifdef HAVE_STDINT_H
| # include <stdint.h>
| #endif
| #ifdef HAVE_UNISTD_H
| # include <unistd.h>
| #endif
| int
| main ()
| {
| 
| 	  char buf[100];
| 	  char x = *strerror_r (0, buf, sizeof buf);
| 	  char *p = strerror_r (0, buf, sizeof buf);
| 	  return !p || x;
| 
|   ;
|   return 0;
| }
configure:12230: result: no
configure:12256: checking for library containing tgetent
configure:12287: gcc -o conftest -g -O2   conftest.c  >&5
/tmp/ccXQM1L6.o: In function `main':
/root/Devel/Caume/CaumeDSE-autoconf/sqlite-3.7.10/conftest.c:40: undefined reference to `tgetent'
collect2: ld returned 1 exit status
configure:12287: $? = 1
configure: failed program was:
| /* confdefs.h */
| #define PACKAGE_NAME "sqlite"
| #define PACKAGE_TARNAME "sqlite"
| #define PACKAGE_VERSION "3.7.10"
| #define PACKAGE_STRING "sqlite 3.7.10"
| #define PACKAGE_BUGREPORT "http://www.sqlite.org"
| #define PACKAGE_URL ""
| #define PACKAGE "sqlite"
| #define VERSION "3.7.10"
| #define STDC_HEADERS 1
| #define HAVE_SYS_TYPES_H 1
| #define HAVE_SYS_STAT_H 1
| #define HAVE_STDLIB_H 1
| #define HAVE_STRING_H 1
| #define HAVE_MEMORY_H 1
| #define HAVE_STRINGS_H 1
| #define HAVE_INTTYPES_H 1
| #define HAVE_STDINT_H 1
| #define HAVE_UNISTD_H 1
| #define HAVE_DLFCN_H 1
| #define LT_OBJDIR ".libs/"
| #define HAVE_FDATASYNC 1
| #define HAVE_USLEEP 1
| #define HAVE_LOCALTIME_R 1
| #define HAVE_GMTIME_R 1
| #define HAVE_DECL_STRERROR_R 1
| #define HAVE_STRERROR_R 1
| /* end confdefs.h.  */
| 
| /* Override any GCC internal prototype to avoid an error.
|    Use char because int might match the return type of a GCC
|    builtin and then its argument prototype would still apply.  */
| #ifdef __cplusplus
| extern "C"
| #endif
| char tgetent ();
| int
| main ()
| {
| return tgetent ();
|   ;
|   return 0;
| }
configure:12287: gcc -o conftest -g -O2   conftest.c -lcurses   >&5
configure:12287: $? = 0
configure:12304: result: -lcurses
configure:12312: checking for library containing readline
configure:12343: gcc -o conftest -g -O2   conftest.c -lcurses  >&5
/tmp/ccNcbKjh.o: In function `main':
/root/Devel/Caume/CaumeDSE-autoconf/sqlite-3.7.10/conftest.c:40: undefined reference to `readline'
collect2: ld returned 1 exit status
configure:12343: $? = 1
configure: failed program was:
| /* confdefs.h */
| #define PACKAGE_NAME "sqlite"
| #define PACKAGE_TARNAME "sqlite"
| #define PACKAGE_VERSION "3.7.10"
| #define PACKAGE_STRING "sqlite 3.7.10"
| #define PACKAGE_BUGREPORT "http://www.sqlite.org"
| #define PACKAGE_URL ""
| #define PACKAGE "sqlite"
| #define VERSION "3.7.10"
| #define STDC_HEADERS 1
| #define HAVE_SYS_TYPES_H 1
| #define HAVE_SYS_STAT_H 1
| #define HAVE_STDLIB_H 1
| #define HAVE_STRING_H 1
| #define HAVE_MEMORY_H 1
| #define HAVE_STRINGS_H 1
| #define HAVE_INTTYPES_H 1
| #define HAVE_STDINT_H 1
| #define HAVE_UNISTD_H 1
| #define HAVE_DLFCN_H 1
| #define LT_OBJDIR ".libs/"
| #define HAVE_FDATASYNC 1
| #define HAVE_USLEEP 1
| #define HAVE_LOCALTIME_R 1
| #define HAVE_GMTIME_R 1
| #define HAVE_DECL_STRERROR_R 1
| #define HAVE_STRERROR_R 1
| /* end confdefs.h.  */
| 
| /* Override any GCC internal prototype to avoid an error.
|    Use char because int might match the return type of a GCC
|    builtin and then its argument prototype would still apply.  */
| #ifdef __cplusplus
| extern "C"
| #endif
| char readline ();
| int
| main ()
| {
| return readline ();
|   ;
|   return 0;
| }
configure:12343: gcc -o conftest -g -O2   conftest.c -lreadline  -lcurses  >&5
configure:12343: $? = 0
configure:12360: result: -lreadline
configure:12372: checking for readline
configure:12372: gcc -o conftest -g -O2   conftest.c -lreadline -lcurses  >&5
configure:12372: $? = 0
configure:12372: result: yes
configure:12400: checking for library containing pthread_create
configure:12431: gcc -o conftest -g -O2   conftest.c  >&5
/tmp/ccvCa7Mt.o: In function `main':
/root/Devel/Caume/CaumeDSE-autoconf/sqlite-3.7.10/conftest.c:41: undefined reference to `pthread_create'
collect2: ld returned 1 exit status
configure:12431: $? = 1
configure: failed program was:
| /* confdefs.h */
| #define PACKAGE_NAME "sqlite"
| #define PACKAGE_TARNAME "sqlite"
| #define PACKAGE_VERSION "3.7.10"
| #define PACKAGE_STRING "sqlite 3.7.10"
| #define PACKAGE_BUGREPORT "http://www.sqlite.org"
| #define PACKAGE_URL ""
| #define PACKAGE "sqlite"
| #define VERSION "3.7.10"
| #define STDC_HEADERS 1
| #define HAVE_SYS_TYPES_H 1
| #define HAVE_SYS_STAT_H 1
| #define HAVE_STDLIB_H 1
| #define HAVE_STRING_H 1
| #define HAVE_MEMORY_H 1
| #define HAVE_STRINGS_H 1
| #define HAVE_INTTYPES_H 1
| #define HAVE_STDINT_H 1
| #define HAVE_UNISTD_H 1
| #define HAVE_DLFCN_H 1
| #define LT_OBJDIR ".libs/"
| #define HAVE_FDATASYNC 1
| #define HAVE_USLEEP 1
| #define HAVE_LOCALTIME_R 1
| #define HAVE_GMTIME_R 1
| #define HAVE_DECL_STRERROR_R 1
| #define HAVE_STRERROR_R 1
| #define HAVE_READLINE 1
| /* end confdefs.h.  */
| 
| /* Override any GCC internal prototype to avoid an error.
|    Use char because int might match the return type of a GCC
|    builtin and then its argument prototype would still apply.  */
| #ifdef __cplusplus
| extern "C"
| #endif
| char pthread_create ();
| int
| main ()
| {
| return pthread_create ();
|   ;
|   return 0;
| }
configure:12431: gcc -o conftest -g -O2   conftest.c -lpthread   >&5
configure:12431: $? = 0
configure:12448: result: -lpthread
configure:12471: checking for library containing dlopen
configure:12502: gcc -o conftest -g -O2   conftest.c -lpthread  >&5
/tmp/ccL3P99D.o: In function `main':
/root/Devel/Caume/CaumeDSE-autoconf/sqlite-3.7.10/conftest.c:41: undefined reference to `dlopen'
collect2: ld returned 1 exit status
configure:12502: $? = 1
configure: failed program was:
| /* confdefs.h */
| #define PACKAGE_NAME "sqlite"
| #define PACKAGE_TARNAME "sqlite"
| #define PACKAGE_VERSION "3.7.10"
| #define PACKAGE_STRING "sqlite 3.7.10"
| #define PACKAGE_BUGREPORT "http://www.sqlite.org"
| #define PACKAGE_URL ""
| #define PACKAGE "sqlite"
| #define VERSION "3.7.10"
| #define STDC_HEADERS 1
| #define HAVE_SYS_TYPES_H 1
| #define HAVE_SYS_STAT_H 1
| #define HAVE_STDLIB_H 1
| #define HAVE_STRING_H 1
| #define HAVE_MEMORY_H 1
| #define HAVE_STRINGS_H 1
| #define HAVE_INTTYPES_H 1
| #define HAVE_STDINT_H 1
| #define HAVE_UNISTD_H 1
| #define HAVE_DLFCN_H 1
| #define LT_OBJDIR ".libs/"
| #define HAVE_FDATASYNC 1
| #define HAVE_USLEEP 1
| #define HAVE_LOCALTIME_R 1
| #define HAVE_GMTIME_R 1
| #define HAVE_DECL_STRERROR_R 1
| #define HAVE_STRERROR_R 1
| #define HAVE_READLINE 1
| /* end confdefs.h.  */
| 
| /* Override any GCC internal prototype to avoid an error.
|    Use char because int might match the return type of a GCC
|    builtin and then its argument prototype would still apply.  */
| #ifdef __cplusplus
| extern "C"
| #endif
| char dlopen ();
| int
| main ()
| {
| return dlopen ();
|   ;
|   return 0;
| }
configure:12502: gcc -o conftest -g -O2   conftest.c -ldl  -lpthread  >&5
configure:12502: $? = 0
configure:12519: result: -ldl
configure:12530: checking for whether to support dynamic extensions
configure:12532: result: yes
configure:12539: checking for posix_fallocate
configure:12539: gcc -o conftest -g -O2   conftest.c -ldl -lpthread  >&5
configure:12539: $? = 0
configure:12539: result: yes
configure:12744: creating ./config.status

## ---------------------- ##
## Running config.status. ##
## ---------------------- ##

This file was extended by sqlite config.status 3.7.10, which was
generated by GNU Autoconf 2.68.  Invocation command line was

  CONFIG_FILES    = 
  CONFIG_HEADERS  = 
  CONFIG_LINKS    = 
  CONFIG_COMMANDS = 
  $ ./config.status 

on localhost

config.status:1016: creating Makefile
config.status:1016: creating sqlite3.pc
config.status:1188: executing depfiles commands
config.status:1188: executing libtool commands

## ---------------- ##
## Cache variables. ##
## ---------------- ##

ac_cv_build=x86_64-unknown-linux-gnu
ac_cv_c_compiler_gnu=yes
ac_cv_env_CC_set=
ac_cv_env_CC_value=
ac_cv_env_CFLAGS_set=
ac_cv_env_CFLAGS_value=
ac_cv_env_CPPFLAGS_set=
ac_cv_env_CPPFLAGS_value=
ac_cv_env_CPP_set=
ac_cv_env_CPP_value=
ac_cv_env_LDFLAGS_set=
ac_cv_env_LDFLAGS_value=
ac_cv_env_LIBS_set=
ac_cv_env_LIBS_value=
ac_cv_env_build_alias_set=
ac_cv_env_build_alias_value=
ac_cv_env_host_alias_set=
ac_cv_env_host_alias_value=
ac_cv_env_target_alias_set=
ac_cv_env_target_alias_value=
ac_cv_func_fdatasync=yes
ac_cv_func_fullfsync=no
ac_cv_func_gmtime_r=yes
ac_cv_func_localtime_r=yes
ac_cv_func_posix_fallocate=yes
ac_cv_func_readline=yes
ac_cv_func_strerror_r=yes
ac_cv_func_strerror_r_char_p=no
ac_cv_func_usleep=yes
ac_cv_have_decl_strerror_r=yes
ac_cv_header_dlfcn_h=yes
ac_cv_header_inttypes_h=yes
ac_cv_header_memory_h=yes
ac_cv_header_stdc=yes
ac_cv_header_stdint_h=yes
ac_cv_header_stdlib_h=yes
ac_cv_header_string_h=yes
ac_cv_header_strings_h=yes
ac_cv_header_sys_stat_h=yes
ac_cv_header_sys_types_h=yes
ac_cv_header_unistd_h=yes
ac_cv_host=x86_64-unknown-linux-gnu
ac_cv_objext=o
ac_cv_path_EGREP='/bin/grep -E'
ac_cv_path_FGREP='/bin/grep -F'
ac_cv_path_GREP=/bin/grep
ac_cv_path_SED=/bin/sed
ac_cv_path_install='/usr/bin/install -c'
ac_cv_path_mkdir=/bin/mkdir
ac_cv_prog_AWK=gawk
ac_cv_prog_CPP='gcc -E'
ac_cv_prog_ac_ct_AR=ar
ac_cv_prog_ac_ct_CC=gcc
ac_cv_prog_ac_ct_OBJDUMP=objdump
ac_cv_prog_ac_ct_RANLIB=ranlib
ac_cv_prog_ac_ct_STRIP=strip
ac_cv_prog_cc_c89=
ac_cv_prog_cc_g=yes
ac_cv_prog_make_make_set=yes
ac_cv_search_dlopen=-ldl
ac_cv_search_pthread_create=-lpthread
ac_cv_search_readline=-lreadline
ac_cv_search_tgetent=-lcurses
ac_cv_sys_file_offset_bits=no
ac_cv_sys_largefile_CC=no
am_cv_CC_dependencies_compiler_type=gcc3
lt_cv_ar_at_file=@
lt_cv_archive_cmds_need_lc=no
lt_cv_deplibs_check_method=pass_all
lt_cv_file_magic_cmd='$MAGIC_CMD'
lt_cv_file_magic_test_file=
lt_cv_ld_reload_flag=-r
lt_cv_nm_interface='BSD nm'
lt_cv_objdir=.libs
lt_cv_path_LD=/usr/x86_64-pc-linux-gnu/bin/ld
lt_cv_path_NM='/usr/bin/nm -B'
lt_cv_path_mainfest_tool=no
lt_cv_prog_compiler_c_o=yes
lt_cv_prog_compiler_pic='-fPIC -DPIC'
lt_cv_prog_compiler_pic_works=yes
lt_cv_prog_compiler_rtti_exceptions=no
lt_cv_prog_compiler_static_works=yes
lt_cv_prog_gnu_ld=yes
lt_cv_sharedlib_from_linklib_cmd='printf %s\n'
lt_cv_shlibpath_overrides_runpath=yes
lt_cv_sys_global_symbol_pipe='sed -n -e '\''s/^.*[	 ]\([ABCDGIRSTW][ABCDGIRSTW]*\)[	 ][	 ]*\([_A-Za-z][_A-Za-z0-9]*\)$/\1 \2 \2/p'\'' | sed '\''/ __gnu_lto/d'\'''
lt_cv_sys_global_symbol_to_c_name_address='sed -n -e '\''s/^: \([^ ]*\)[ ]*$/  {\"\1\", (void *) 0},/p'\'' -e '\''s/^[ABCDGIRSTW]* \([^ ]*\) \([^ ]*\)$/  {"\2", (void *) \&\2},/p'\'''
lt_cv_sys_global_symbol_to_c_name_address_lib_prefix='sed -n -e '\''s/^: \([^ ]*\)[ ]*$/  {\"\1\", (void *) 0},/p'\'' -e '\''s/^[ABCDGIRSTW]* \([^ ]*\) \(lib[^ ]*\)$/  {"\2", (void *) \&\2},/p'\'' -e '\''s/^[ABCDGIRSTW]* \([^ ]*\) \([^ ]*\)$/  {"lib\2", (void *) \&\2},/p'\'''
lt_cv_sys_global_symbol_to_cdecl='sed -n -e '\''s/^T .* \(.*\)$/extern int \1();/p'\'' -e '\''s/^[ABCDGIRSTW]* .* \(.*\)$/extern char \1;/p'\'''
lt_cv_sys_max_cmd_len=1572864
lt_cv_to_host_file_cmd=func_convert_file_noop
lt_cv_to_tool_file_cmd=func_convert_file_noop

## ----------------- ##
## Output variables. ##
## ----------------- ##

ACLOCAL='${SHELL} /root/Devel/Caume/CaumeDSE-autoconf/sqlite-3.7.10/missing --run aclocal-1.11'
AMDEPBACKSLASH='\'
AMDEP_FALSE='#'
AMDEP_TRUE=''
AMTAR='${SHELL} /root/Devel/Caume/CaumeDSE-autoconf/sqlite-3.7.10/missing --run tar'
AR='ar'
AUTOCONF='${SHELL} /root/Devel/Caume/CaumeDSE-autoconf/sqlite-3.7.10/missing --run autoconf'
AUTOHEADER='${SHELL} /root/Devel/Caume/CaumeDSE-autoconf/sqlite-3.7.10/missing --run autoheader'
AUTOMAKE='${SHELL} /root/Devel/Caume/CaumeDSE-autoconf/sqlite-3.7.10/missing --run automake-1.11'
AWK='gawk'
BUILD_CFLAGS=''
CC='gcc'
CCDEPMODE='depmode=gcc3'
CFLAGS='-g -O2'
CPP='gcc -E'
CPPFLAGS=''
CYGPATH_W='echo'
DEFS='-DPACKAGE_NAME=\"sqlite\" -DPACKAGE_TARNAME=\"sqlite\" -DPACKAGE_VERSION=\"3.7.10\" -DPACKAGE_STRING=\"sqlite\ 3.7.10\" -DPACKAGE_BUGREPORT=\"http://www.sqlite.org\" -DPACKAGE_URL=\"\" -DPACKAGE=\"sqlite\" -DVERSION=\"3.7.10\" -DSTDC_HEADERS=1 -DHAVE_SYS_TYPES_H=1 -DHAVE_SYS_STAT_H=1 -DHAVE_STDLIB_H=1 -DHAVE_STRING_H=1 -DHAVE_MEMORY_H=1 -DHAVE_STRINGS_H=1 -DHAVE_INTTYPES_H=1 -DHAVE_STDINT_H=1 -DHAVE_UNISTD_H=1 -DHAVE_DLFCN_H=1 -DLT_OBJDIR=\".libs/\" -DHAVE_FDATASYNC=1 -DHAVE_USLEEP=1 -DHAVE_LOCALTIME_R=1 -DHAVE_GMTIME_R=1 -DHAVE_DECL_STRERROR_R=1 -DHAVE_STRERROR_R=1 -DHAVE_READLINE=1 -DHAVE_POSIX_FALLOCATE=1'
DEPDIR='.deps'
DLLTOOL='false'
DSYMUTIL=''
DUMPBIN=''
DYNAMIC_EXTENSION_FLAGS=''
ECHO_C=''
ECHO_N='-n'
ECHO_T=''
EGREP='/bin/grep -E'
EXEEXT=''
FGREP='/bin/grep -F'
GREP='/bin/grep'
INSTALL_DATA='${INSTALL} -m 644'
INSTALL_PROGRAM='${INSTALL}'
INSTALL_SCRIPT='${INSTALL}'
INSTALL_STRIP_PROGRAM='$(install_sh) -c -s'
LD='/usr/x86_64-pc-linux-gnu/bin/ld -m elf_x86_64'
LDFLAGS=''
LIBOBJS=''
LIBS='-ldl -lpthread '
LIBTOOL='$(SHELL) $(top_builddir)/libtool'
LIPO=''
LN_S='ln -s'
LTLIBOBJS=''
MAKEINFO='${SHELL} /root/Devel/Caume/CaumeDSE-autoconf/sqlite-3.7.10/missing --run makeinfo'
MANIFEST_TOOL=':'
MKDIR_P='/bin/mkdir -p'
NM='/usr/bin/nm -B'
NMEDIT=''
OBJDUMP='objdump'
OBJEXT='o'
OTOOL64=''
OTOOL=''
PACKAGE='sqlite'
PACKAGE_BUGREPORT='http://www.sqlite.org'
PACKAGE_NAME='sqlite'
PACKAGE_STRING='sqlite 3.7.10'
PACKAGE_TARNAME='sqlite'
PACKAGE_URL=''
PACKAGE_VERSION='3.7.10'
PATH_SEPARATOR=':'
RANLIB='ranlib'
READLINE_LIBS='-lreadline -lcurses '
SED='/bin/sed'
SET_MAKE=''
SHELL='/bin/sh'
STRIP='strip'
THREADSAFE_FLAGS='-D_REENTRANT=1 -DSQLITE_THREADSAFE=1'
VERSION='3.7.10'
ac_ct_AR='ar'
ac_ct_CC='gcc'
ac_ct_DUMPBIN=''
am__EXEEXT_FALSE=''
am__EXEEXT_TRUE='#'
am__fastdepCC_FALSE='#'
am__fastdepCC_TRUE=''
am__include='include'
am__isrc=''
am__leading_dot='.'
am__quote=''
am__tar='${AMTAR} chof - "$$tardir"'
am__untar='${AMTAR} xf -'
bindir='${exec_prefix}/bin'
build='x86_64-unknown-linux-gnu'
build_alias=''
build_cpu='x86_64'
build_os='linux-gnu'
build_vendor='unknown'
datadir='${datarootdir}'
datarootdir='${prefix}/share'
docdir='${datarootdir}/doc/${PACKAGE_TARNAME}'
dvidir='${docdir}'
exec_prefix='${prefix}'
host='x86_64-unknown-linux-gnu'
host_alias=''
host_cpu='x86_64'
host_os='linux-gnu'
host_vendor='unknown'
htmldir='${docdir}'
includedir='${prefix}/include'
infodir='${datarootdir}/info'
install_sh='${SHELL} /root/Devel/Caume/CaumeDSE-autoconf/sqlite-3.7.10/install-sh'
libdir='${exec_prefix}/lib'
libexecdir='${exec_prefix}/libexec'
localedir='${datarootdir}/locale'
localstatedir='${prefix}/var'
mandir='${datarootdir}/man'
mkdir_p='/bin/mkdir -p'
oldincludedir='/usr/include'
pdfdir='${docdir}'
prefix='/usr/local'
program_transform_name='s,x,x,'
psdir='${docdir}'
sbindir='${exec_prefix}/sbin'
sharedstatedir='${prefix}/com'
sysconfdir='${prefix}/etc'
target_alias=''

## ----------- ##
## confdefs.h. ##
## ----------- ##

/* confdefs.h */
#define PACKAGE_NAME "sqlite"
#define PACKAGE_TARNAME "sqlite"
#define PACKAGE_VERSION "3.7.10"
#define PACKAGE_STRING "sqlite 3.7.10"
#define PACKAGE_BUGREPORT "http://www.sqlite.org"
#define PACKAGE_URL ""
#define PACKAGE "sqlite"
#define VERSION "3.7.10"
#define STDC_HEADERS 1
#define HAVE_SYS_TYPES_H 1
#define HAVE_SYS_STAT_H 1
#define HAVE_STDLIB_H 1
#define HAVE_STRING_H 1
#define HAVE_MEMORY_H 1
#define HAVE_STRINGS_H 1
#define HAVE_INTTYPES_H 1
#define HAVE_STDINT_H 1
#define HAVE_UNISTD_H 1
#define HAVE_DLFCN_H 1
#define LT_OBJDIR ".libs/"
#define HAVE_FDATASYNC 1
#define HAVE_USLEEP 1
#define HAVE_LOCALTIME_R 1
#define HAVE_GMTIME_R 1
#define HAVE_DECL_STRERROR_R 1
#define HAVE_STRERROR_R 1
#define HAVE_READLINE 1
#define HAVE_POSIX_FALLOCATE 1

configure: exit 0
